<?xml version="1.0" encoding="UTF-8"?>
<testng-results skipped="0" failed="0" total="2" passed="2">
  <reporter-output>
  </reporter-output>
  <suite name="Default suite" duration-ms="16518" started-at="2021-01-16T09:22:05Z" finished-at="2021-01-16T09:22:21Z">
    <groups>
    </groups>
    <test name="Default test" duration-ms="16518" started-at="2021-01-16T09:22:05Z" finished-at="2021-01-16T09:22:21Z">
      <class name="Academy.E2EProject.HomePage">
        <test-method status="PASS" signature="initialize()[pri:0, instance:Academy.E2EProject.HomePage@71809907]" name="initialize" is-config="true" duration-ms="6007" started-at="2021-01-16T14:52:05Z" finished-at="2021-01-16T14:52:11Z">
          <reporter-output>
          </reporter-output>
        </test-method> <!-- initialize -->
        <test-method status="PASS" signature="basePageNavigation(java.lang.String, java.lang.String, java.lang.String)[pri:0, instance:Academy.E2EProject.HomePage@71809907]" name="basePageNavigation" duration-ms="6521" started-at="2021-01-16T14:52:11Z" data-provider="getData" finished-at="2021-01-16T14:52:18Z">
          <params>
            <param index="0">
              <value>
                <![CDATA[nonrestricteduser@qw.com]]>
              </value>
            </param>
            <param index="1">
              <value>
                <![CDATA[123456]]>
              </value>
            </param>
            <param index="2">
              <value>
                <![CDATA[Hello1]]>
              </value>
            </param>
          </params>
          <reporter-output>
          </reporter-output>
        </test-method> <!-- basePageNavigation -->
        <test-method status="PASS" signature="basePageNavigation(java.lang.String, java.lang.String, java.lang.String)[pri:0, instance:Academy.E2EProject.HomePage@71809907]" name="basePageNavigation" duration-ms="3003" started-at="2021-01-16T14:52:18Z" data-provider="getData" finished-at="2021-01-16T14:52:21Z">
          <params>
            <param index="0">
              <value>
                <![CDATA[restricteduser@qw.com]]>
              </value>
            </param>
            <param index="1">
              <value>
                <![CDATA[123456]]>
              </value>
            </param>
            <param index="2">
              <value>
                <![CDATA[Hello2]]>
              </value>
            </param>
          </params>
          <reporter-output>
          </reporter-output>
        </test-method> <!-- basePageNavigation -->
        <test-method status="PASS" signature="tearDown()[pri:0, instance:Academy.E2EProject.HomePage@71809907]" name="tearDown" is-config="true" duration-ms="971" started-at="2021-01-16T14:52:21Z" finished-at="2021-01-16T14:52:21Z">
          <reporter-output>
          </reporter-output>
        </test-method> <!-- tearDown -->
      </class> <!-- Academy.E2EProject.HomePage -->
    </test> <!-- Default test -->
  </suite> <!-- Default suite -->
</testng-results>
