<?xml version="1.0" encoding="UTF-8"?>
<testsuite xmlns:xsi="http://www.w3.org/2001/XMLSchema-instance" xsi:noNamespaceSchemaLocation="https://maven.apache.org/surefire/maven-surefire-plugin/xsd/surefire-test-report-3.0.xsd" version="3.0" name="TestSuite" time="27.17" tests="4" errors="0" skipped="0" failures="0">
  <properties>
[...]
</properties>
  <testcase name="validateNavigationBar" classname="Academy.E2EProject.ValidateNavBar" time="0.304">
    <system-out><![CDATA[firefox
firefox
firefox
firefox
firefox
firefox
]]></system-out>
    <system-err><![CDATA[1610008735718	geckodriver	INFO	Listening on 127.0.0.1:4294
1610008735752	geckodriver	INFO	Listening on 127.0.0.1:7400
1610008735768	geckodriver	INFO	Listening on 127.0.0.1:14223
1610008736618	mozrunner::runner	INFO	Running command: "C:\\Program Files\\Mozilla Firefox\\firefox.exe" "1-6-1m0ar0i08on73et66t2e"1 	m"o-zfrournegnrer::runner	INFO	Rouunnndin"g  "c-onmom-arnde:m o"tCe:" \"\-Pprroogfraiml eF"i l"eCs:\\\\MUoszeirlsl\a\ KFAiJreAfL~o1x.\T\HfAi\r\eAfpopxD.aetxae\"\ L"o-c-amla\r\iTo1e6nm1ept0\\0r0us8t_motzprofilesiKF8b"
e" "-foreground" "-no-remote" "7-3p6r6o2f3i	lmeo"z r"uCn:\\Users\\KAJAneLr~1::.rTHunAn\\erA	ppIDNaFOt	aR\\unLnoicnalg\ \cToemmmpa\nd\:r u"sCt:_\m\oPzrporgorfaiml eFidlJeXesZ\\OM"
ozilla Firefox\\firefox.exe" "--marionette" "-foreground" "-no-remote" "-profile" "C:\\Users\\KAJAL~1.THA\\AppData\\Local\\Temp\\rust_mozprofileUW5nw6"
Can't find symbol 'eglSwapBuffersWithDamageEXT'.
Can't find symbol 'eglSetDamageRegionKHR'.
Can't find symbol 'eglSwapBuffersWithDamageEXT'.
Can't find symbol 'eglSetDamageRegionKHR'.
Can't find symbol 'eglSwapBuffersWithDamageEXT'.
Can't find symbol 'eglSetDamageRegionKHR'.
console.warn: SearchSettings: "get: No settings file exists, new profile?" (new Error("", "(unknown module)"))
console.warn: SearchSettings: "get: No settings file exists, new profile?" (new Error("", "(unknown module)"))
console.warn: SearchSettings: "get: No settings file exists, new profile?" (new Error("", "(unknown module)"))
1610008742957	Marionette	INFO	Listening on port 65087
1610008743144	Marionette	WARN	TLS certificate errors will be ignored for this session
Jan 07, 2021 2:09:03 PM org.openqa.selenium.remote.ProtocolHandshake createSession
INFO: Detected dialect: W3C
1610008744108	Marionette	INFO	Listening on port 65086
1610008744446	Marionette	WARN	TLS certificate errors will be ignored for this session
Jan 07, 2021 2:09:04 PM org.openqa.selenium.remote.ProtocolHandshake createSession
INFO: Detected dialect: W3C
1610008744758	Marionette	INFO	Listening on port 65088
1610008745208	Marionette	WARN	TLS certificate errors will be ignored for this session
Jan 07, 2021 2:09:05 PM org.openqa.selenium.remote.ProtocolHandshake createSession
INFO: Detected dialect: W3C
]]></system-err>
  </testcase>
  <testcase name="validateTitleOfHomePage" classname="Academy.E2EProject.ValidateTitle" time="0.162">
    <system-out><![CDATA[Hello1
]]></system-out>
    <system-err><![CDATA[1610008753188	Marionette	INFO	Stopped listening on port 65087
JavaScript error: resource://gre/modules/Sqlite.jsm, line 1031: Error: Sqlite.jsm has been shutdown. Cannot open connection to: C:\Users\kajal.thakur\AppData\Local\Temp\rust_mozprofileUW5nw6\protections.sqlite
]]></system-err>
  </testcase>
  <testcase name="basePageNavigation[nonrestricteduser@qw.com, 123456, Hello1](1)" classname="Academy.E2EProject.HomePage" time="0.995">
    <system-err><![CDATA[1610008755174	Marionette	INFO	Stopped listening on port 65088
JavaScript error: resource://gre/modules/Sqlite.jsm, line 1031: Error: Sqlite.jsm has been shutdown. Cannot open connection to: C:\Users\kajal.thakur\AppData\Local\Temp\rust_mozprofilesiKF8b\protections.sqlite
]]></system-err>
  </testcase>
  <testcase name="basePageNavigation[restricteduser@qw.com, 123456, Hello2](2)" classname="Academy.E2EProject.HomePage" time="3.553">
    <system-out><![CDATA[Hello2
]]></system-out>
  </testcase>
</testsuite>