<?xml version="1.0" encoding="UTF-8"?>
<testng-results skipped="0" failed="0" ignored="0" total="4" passed="4">
  <reporter-output>
  </reporter-output>
  <suite name="Suite" duration-ms="25748" started-at="2021-01-07T08:38:54Z" finished-at="2021-01-07T08:39:20Z">
    <groups>
    </groups>
    <test name="App Testing" duration-ms="4" started-at="2021-01-07T08:38:54Z" finished-at="2021-01-07T08:38:54Z">
    </test> <!-- App Testing -->
    <test name="Validate Navigation Bar" duration-ms="21806" started-at="2021-01-07T08:38:54Z" finished-at="2021-01-07T08:39:16Z">
      <class name="Academy.E2EProject.ValidateNavBar">
        <test-method status="PASS" signature="initialize()[pri:0, instance:Academy.E2EProject.ValidateNavBar@264f218]" name="initialize" is-config="true" duration-ms="18042" started-at="2021-01-07T14:08:54Z" finished-at="2021-01-07T14:09:12Z">
          <reporter-output>
          </reporter-output>
        </test-method> <!-- initialize -->
        <test-method status="PASS" signature="validateNavigationBar()[pri:0, instance:Academy.E2EProject.ValidateNavBar@264f218]" name="validateNavigationBar" duration-ms="304" started-at="2021-01-07T14:09:12Z" finished-at="2021-01-07T14:09:13Z">
          <reporter-output>
          </reporter-output>
        </test-method> <!-- validateNavigationBar -->
        <test-method status="PASS" signature="tearDown()[pri:0, instance:Academy.E2EProject.ValidateNavBar@264f218]" name="tearDown" is-config="true" duration-ms="3444" started-at="2021-01-07T14:09:13Z" finished-at="2021-01-07T14:09:16Z">
          <reporter-output>
          </reporter-output>
        </test-method> <!-- tearDown -->
      </class> <!-- Academy.E2EProject.ValidateNavBar -->
    </test> <!-- Validate Navigation Bar -->
    <test name="Validate Title" duration-ms="23573" started-at="2021-01-07T08:38:54Z" finished-at="2021-01-07T08:39:18Z">
      <class name="Academy.E2EProject.ValidateTitle">
        <test-method status="PASS" signature="initialize()[pri:0, instance:Academy.E2EProject.ValidateTitle@60015ef5]" name="initialize" is-config="true" duration-ms="20186" started-at="2021-01-07T14:08:54Z" finished-at="2021-01-07T14:09:14Z">
          <reporter-output>
          </reporter-output>
        </test-method> <!-- initialize -->
        <test-method status="PASS" signature="validateTitleOfHomePage()[pri:0, instance:Academy.E2EProject.ValidateTitle@60015ef5]" name="validateTitleOfHomePage" duration-ms="166" started-at="2021-01-07T14:09:14Z" finished-at="2021-01-07T14:09:15Z">
          <reporter-output>
          </reporter-output>
        </test-method> <!-- validateTitleOfHomePage -->
        <test-method status="PASS" signature="tearDown()[pri:0, instance:Academy.E2EProject.ValidateTitle@60015ef5]" name="tearDown" is-config="true" duration-ms="3217" started-at="2021-01-07T14:09:15Z" finished-at="2021-01-07T14:09:18Z">
          <reporter-output>
          </reporter-output>
        </test-method> <!-- tearDown -->
      </class> <!-- Academy.E2EProject.ValidateTitle -->
    </test> <!-- Validate Title -->
    <test name="Validate User login" duration-ms="25740" started-at="2021-01-07T08:38:54Z" finished-at="2021-01-07T08:39:20Z">
      <class name="Academy.E2EProject.HomePage">
        <test-method status="PASS" signature="initialize()[pri:0, instance:Academy.E2EProject.HomePage@21d03963]" name="initialize" is-config="true" duration-ms="9823" started-at="2021-01-07T14:08:54Z" finished-at="2021-01-07T14:09:04Z">
          <reporter-output>
          </reporter-output>
        </test-method> <!-- initialize -->
        <test-method status="PASS" signature="basePageNavigation(java.lang.String, java.lang.String, java.lang.String)[pri:0, instance:Academy.E2EProject.HomePage@21d03963]" name="basePageNavigation" duration-ms="11329" started-at="2021-01-07T14:09:04Z" data-provider="getData" finished-at="2021-01-07T14:09:15Z">
          <params>
            <param index="0">
              <value>
                <![CDATA[nonrestricteduser@qw.com]]>
              </value>
            </param>
            <param index="1">
              <value>
                <![CDATA[123456]]>
              </value>
            </param>
            <param index="2">
              <value>
                <![CDATA[Hello1]]>
              </value>
            </param>
          </params>
          <reporter-output>
          </reporter-output>
        </test-method> <!-- basePageNavigation -->
        <test-method status="PASS" signature="basePageNavigation(java.lang.String, java.lang.String, java.lang.String)[pri:0, instance:Academy.E2EProject.HomePage@21d03963]" name="basePageNavigation" duration-ms="3559" started-at="2021-01-07T14:09:15Z" data-provider="getData" finished-at="2021-01-07T14:09:19Z">
          <params>
            <param index="0">
              <value>
                <![CDATA[restricteduser@qw.com]]>
              </value>
            </param>
            <param index="1">
              <value>
                <![CDATA[123456]]>
              </value>
            </param>
            <param index="2">
              <value>
                <![CDATA[Hello2]]>
              </value>
            </param>
          </params>
          <reporter-output>
          </reporter-output>
        </test-method> <!-- basePageNavigation -->
        <test-method status="PASS" signature="tearDown()[pri:0, instance:Academy.E2EProject.HomePage@21d03963]" name="tearDown" is-config="true" duration-ms="1004" started-at="2021-01-07T14:09:19Z" finished-at="2021-01-07T14:09:20Z">
          <reporter-output>
          </reporter-output>
        </test-method> <!-- tearDown -->
      </class> <!-- Academy.E2EProject.HomePage -->
    </test> <!-- Validate User login -->
  </suite> <!-- Suite -->
</testng-results>
