<?xml version="1.0" encoding="UTF-8"?>
<!-- Generated by org.testng.reporters.JUnitXMLReporter -->
<testsuite hostname="ws-01-043" name="Validate Title" tests="1" failures="1" timestamp="12 Jan 2021 16:17:53 GMT" time="40.963" errors="0">
  <testcase name="validateTitleOfHomePage" time="0.249" classname="Academy.E2EProject.ValidateTitle">
    <failure type="java.lang.AssertionError" message="expected [FEATURED COURSES123] but found [FEATURED COURSES]">
      <![CDATA[java.lang.AssertionError: expected [FEATURED COURSES123] but found [FEATURED COURSES]
	at Academy.E2EProject.ValidateTitle.validateTitleOfHomePage(ValidateTitle.java:32)
	at java.util.concurrent.FutureTask.run(Unknown Source)
	at java.util.concurrent.ThreadPoolExecutor.runWorker(Unknown Source)
	at java.util.concurrent.ThreadPoolExecutor$Worker.run(Unknown Source)
	at java.lang.Thread.run(Unknown Source)
... Removed 22 stack frames]]>
    </failure>
  </testcase> <!-- validateTitleOfHomePage -->
</testsuite> <!-- Validate Title -->
